<?xml version="1.0" encoding="UTF-8" ?>
<testsuites>
<testsuite name="player" errors="0" tests="7" failures="0" time="0.007" timestamp="2015-01-09T16:48:00">
  <testcase classname="player" name="game spec" time="0.006"></testcase>
  <testcase classname="player" name="attack reduce hp" time="0"></testcase>
  <testcase classname="player" name="normal person vs normal person attack string" time="0"></testcase>
  <testcase classname="player" name="soldier vs normal person attack string" time="0"></testcase>
  <testcase classname="player" name="soldier vs soldier attack string" time="0"></testcase>
  <testcase classname="player" name="normal person vs soldier attack string" time="0"></testcase>
  <testcase classname="player" name="soldier with no weapon vs soldier attack string" time="0"></testcase>
</testsuite>
<testsuite name="player.Armor" errors="0" tests="3" failures="0" time="0.001" timestamp="2015-01-09T16:48:00">
  <testcase classname="player.Armor" name="soldier vs soldier with armor attack string" time="0"></testcase>
  <testcase classname="player.Armor" name="normal person vs soldier with armor attack string" time="0.001"></testcase>
  <testcase classname="player.Armor" name="soldier with no weapon vs soldier with armor attack string" time="0"></testcase>
</testsuite>
</testsuites>